0d0a 0d0a 2d2d 2d2d 2d2d 2d2d 2d2d 2d2d
2d2d 2d2d 2d2d 2d2d 2d2d 2d2d 2d2d 2d2d
2d2d 2d2d 2d2d 2d2d 2d2d 2d2d 2d2d 2d2d
2d2d 2d2d 2d2d 2d2d 2d2d 2d2d 2d2d 2d2d
2d2d 2d2d 2d2d 2d2d 2d2d 2d0d 0a47 5047
5200 0d0a 4170 6149 0d0a 4366 7239 492f
536d 6149 2f58 6d61 490d 0a20 4366 7239
492f 536d 6149 2f58 6d61 490d 0a20 4561
6749 2f58 6d61 4949 490d 0a0d 0a50 6f73
6974 696f 6e20 696e 2074 6865 2069 6e70
7574 2073 7472 696e 673a 2031 0d0a 416d
696e 6f20 6163 6964 2073 7472 696e 6720
6174 2074 6869 7320 706f 7369 7469 6f6e
3a20 4750 0d0a 5265 7374 7269 6374 696f
6e20 456e 7a79 6d65 2073 6974 652f 7320
7468 6174 2063 616e 2062 6520 696e 7472
6f64 7563 6564 2061 7420 7468 6973 2070
6f73 6974 696f 6e3a 2041 7061 490d 0a0d
0a50 6f73 6974 696f 6e20 696e 2074 6865
2069 6e70 7574 2073 7472 696e 673a 2031
0d0a 416d 696e 6f20 6163 6964 2073 7472
696e 6720 6174 2074 6869 7320 706f 7369
7469 6f6e 3a20 4750 470d 0a52 6573 7472
6963 7469 6f6e 2045 6e7a 796d 6520 7369
7465 2f73 2074 6861 7420 6361 6e20 6265
2069 6e74 726f 6475 6365 6420 6174 2074
6869 7320 706f 7369 7469 6f6e 3a20 4366
7239 492f 536d 6149 2f58 6d61 490d 0a0d
0a50 6f73 6974 696f 6e20 696e 2074 6865
2069 6e70 7574 2073 7472 696e 673a 2032
0d0a 416d 696e 6f20 6163 6964 2073 7472
696e 6720 6174 2074 6869 7320 706f 7369
7469 6f6e 3a20 5047 0d0a 5265 7374 7269
6374 696f 6e20 456e 7a79 6d65 2073 6974
652f 7320 7468 6174 2063 616e 2062 6520
696e 7472 6f64 7563 6564 2061 7420 7468
6973 2070 6f73 6974 696f 6e3a 2043 6672
3949 2f53 6d61 492f 586d 6149 0d0a 0d0a
506f 7369 7469 6f6e 2069 6e20 7468 6520
696e 7075 7420 7374 7269 6e67 3a20 320d
0a41 6d69 6e6f 2061 6369 6420 7374 7269
6e67 2061 7420 7468 6973 2070 6f73 6974
696f 6e3a 2050 4752 0d0a 5265 7374 7269
6374 696f 6e20 456e 7a79 6d65 2073 6974
652f 7320 7468 6174 2063 616e 2062 6520
696e 7472 6f64 7563 6564 2061 7420 7468
6973 2070 6f73 6974 696f 6e3a 2045 6167
492f 586d 6149 4949 0d0a 0d0a 0d0a 0d0a
